<?xml version="1.0" encoding="UTF-8"?>
<!-- Generated by org.testng.reporters.JUnitReportReporter -->
<testsuite skipped="0" hostname="DESKTOP-KTDCJLP" name="scripts.Validlogin" tests="1" failures="0" timestamp="22 Jul 2019 11:37:11 GMT" time="41.258" errors="0">
  <testcase name="testValidLogin" time="41.258" classname="scripts.Validlogin"/>
</testsuite> <!-- scripts.Validlogin -->
