<?xml version="1.0" encoding="UTF-8"?>
<!-- Generated by org.testng.reporters.JUnitReportReporter -->
<testsuite hostname="DESKTOP-KTDCJLP" name="Scripts.Luxire1main" tests="2" failures="0" timestamp="31 Jul 2019 12:00:00 GMT" time="189.087" errors="0">
  <testcase name="testValidLogin" time="78.176" classname="Scripts.Luxire1main"/>
  <testcase name="testValidLogin" time="110.911" classname="Scripts.Luxire1main"/>
</testsuite> <!-- Scripts.Luxire1main -->
